[debug] [2020-10-08T23:54:21.546Z] ----------------------------------------------------------------------
[debug] [2020-10-08T23:54:21.549Z] Command:       C:\Program Files\nodejs\node.exe C:\Users\galloa\AppData\Roaming\npm\node_modules\firebase-tools\lib\bin\firebase.js init
[debug] [2020-10-08T23:54:21.549Z] CLI Version:   8.12.0
[debug] [2020-10-08T23:54:21.549Z] Platform:      win32
[debug] [2020-10-08T23:54:21.549Z] Node Version:  v14.7.0
[debug] [2020-10-08T23:54:21.550Z] Time:          Thu Oct 08 2020 20:54:21 GMT-0300 (Argentina Standard Time)
[debug] [2020-10-08T23:54:21.551Z] ----------------------------------------------------------------------
[debug] [2020-10-08T23:54:21.551Z] 
[debug] [2020-10-08T23:54:21.560Z] > command requires scopes: ["email","openid","https://www.googleapis.com/auth/cloudplatformprojects.readonly","https://www.googleapis.com/auth/firebase","https://www.googleapis.com/auth/cloud-platform"]
[debug] [2020-10-08T23:54:21.561Z] > authorizing via signed-in user
[info] 
     ######## #### ########  ######## ########     ###     ######  ########
     ##        ##  ##     ## ##       ##     ##  ##   ##  ##       ##
     ######    ##  ########  ######   ########  #########  ######  ######
     ##        ##  ##    ##  ##       ##     ## ##     ##       ## ##
     ##       #### ##     ## ######## ########  ##     ##  ######  ########

You're about to initialize a Firebase project in this directory:

  C:\Ale\ParcialLabo4

Before we get started, keep in mind:

  * You are currently outside your home directory

[info] 
=== Project Setup
[info] 
[info] First, let's associate this project directory with a Firebase project.
[info] You can create multiple project aliases by running firebase use --add, 
[info] but for now we'll just set up a default project.
[info] 
[debug] [2020-10-08T23:56:09.649Z] > refreshing access token with scopes: ["email","https://www.googleapis.com/auth/cloud-platform","https://www.googleapis.com/auth/cloudplatformprojects.readonly","https://www.googleapis.com/auth/firebase","openid"]
[debug] [2020-10-08T23:56:09.650Z] >>> HTTP REQUEST POST https://www.googleapis.com/oauth2/v3/token  
 <request body omitted>
[debug] [2020-10-08T23:56:09.820Z] <<< HTTP RESPONSE 200 {"expires":"Mon, 01 Jan 1990 00:00:00 GMT","cache-control":"no-cache, no-store, max-age=0, must-revalidate","pragma":"no-cache","date":"Thu, 08 Oct 2020 23:56:09 GMT","content-type":"application/json; charset=utf-8","vary":"X-Origin, Referer, Origin,Accept-Encoding","server":"scaffolding on HTTPServer2","x-xss-protection":"0","x-frame-options":"SAMEORIGIN","x-content-type-options":"nosniff","alt-svc":"h3-Q050=\":443\"; ma=2592000,h3-29=\":443\"; ma=2592000,h3-27=\":443\"; ma=2592000,h3-T051=\":443\"; ma=2592000,h3-T050=\":443\"; ma=2592000,h3-Q046=\":443\"; ma=2592000,h3-Q043=\":443\"; ma=2592000,quic=\":443\"; ma=2592000; v=\"46,43\"","accept-ranges":"none","transfer-encoding":"chunked"}
[debug] [2020-10-08T23:56:09.829Z] >>> HTTP REQUEST GET https://firebase.googleapis.com/v1beta1/projects?pageSize=100  
 
[debug] [2020-10-08T23:56:10.434Z] <<< HTTP RESPONSE 200 {"content-type":"application/json; charset=UTF-8","vary":"X-Origin, Referer, Origin,Accept-Encoding","date":"Thu, 08 Oct 2020 23:56:10 GMT","server":"ESF","cache-control":"private","x-xss-protection":"0","x-frame-options":"SAMEORIGIN","x-content-type-options":"nosniff","alt-svc":"h3-Q050=\":443\"; ma=2592000,h3-29=\":443\"; ma=2592000,h3-27=\":443\"; ma=2592000,h3-T051=\":443\"; ma=2592000,h3-T050=\":443\"; ma=2592000,h3-Q046=\":443\"; ma=2592000,h3-Q043=\":443\"; ma=2592000,quic=\":443\"; ma=2592000; v=\"46,43\"","accept-ranges":"none","transfer-encoding":"chunked"}
[info] i  Using project labo4-aleg (Labo4-AleG) 
[info] 
=== Hosting Setup
[info] 
[info] Your public directory is the folder (relative to your project directory) that
[info] will contain Hosting assets to be uploaded with firebase deploy. If you
[info] have a build process for your assets, use your build's output directory.
[info] 
[debug] [2020-10-08T23:57:51.246Z] >>> HTTP REQUEST GET https://www.gstatic.com/firebasejs/releases.json  
 
[debug] [2020-10-08T23:57:51.387Z] <<< HTTP RESPONSE 200 {"accept-ranges":"bytes","vary":"Accept-Encoding, Origin","content-type":"application/json","content-length":"1429","date":"Thu, 08 Oct 2020 23:57:51 GMT","expires":"Fri, 09 Oct 2020 00:47:51 GMT","last-modified":"Thu, 08 Oct 2020 20:48:24 GMT","x-content-type-options":"nosniff","server":"sffe","x-xss-protection":"0","cache-control":"public, max-age=3000","age":"0","alt-svc":"h3-Q050=\":443\"; ma=2592000,h3-29=\":443\"; ma=2592000,h3-27=\":443\"; ma=2592000,h3-T051=\":443\"; ma=2592000,h3-T050=\":443\"; ma=2592000,h3-Q046=\":443\"; ma=2592000,h3-Q043=\":443\"; ma=2592000,quic=\":443\"; ma=2592000; v=\"46,43\""}
[info] +  Wrote dist/index.html 
[info] 
[info] i  Didn't detect a .git folder. Assuming C:\Ale\ParcialLabo4 is the project root. 
[info] i  Authorizing with GitHub to upload your service account to a GitHub repository's secrets store. 
[info] 
[info] Visit this URL on this device to log in:
[info] https://github.com/login/oauth/authorize?client_id=89cf50f02ac6aaed3484&state=604338297&redirect_uri=http%3A%2F%2Flocalhost%3A9005&scope=read%3Auser%20repo%20public_repo
[info] 
[info] Waiting for authentication...
[debug] [2020-10-08T23:59:21.198Z] >>> HTTP REQUEST POST https://github.com/login/oauth/access_token  
 {"client_id":"89cf50f02ac6aaed3484","client_secret":"3330d14abc895d9a74d5f17cd7a00711fa2c5bf0","code":"e2bfc0434a0cda1187c0","redirect_uri":"http://localhost:9005","state":"604338297"}
[debug] [2020-10-08T23:59:21.650Z] <<< HTTP RESPONSE 200 {"date":"Thu, 08 Oct 2020 23:59:21 GMT","content-type":"application/json; charset=utf-8","transfer-encoding":"chunked","server":"GitHub.com","status":"200 OK","vary":"X-PJAX, Accept-Encoding, Accept, X-Requested-With, Accept-Encoding","etag":"W/\"a5527bb42d78205f4977cfcc120b2b8f\"","cache-control":"max-age=0, private, must-revalidate","strict-transport-security":"max-age=31536000; includeSubdomains; preload","x-frame-options":"deny","x-content-type-options":"nosniff","x-xss-protection":"1; mode=block","referrer-policy":"origin-when-cross-origin, strict-origin-when-cross-origin","expect-ct":"max-age=2592000, report-uri=\"https://api.github.com/_private/browser/errors\"","content-security-policy":"default-src 'none'; base-uri 'self'; block-all-mixed-content; connect-src 'self' uploads.github.com www.githubstatus.com collector.githubapp.com api.github.com www.google-analytics.com github-cloud.s3.amazonaws.com github-production-repository-file-5c1aeb.s3.amazonaws.com github-production-upload-manifest-file-7fdce7.s3.amazonaws.com github-production-user-asset-6210df.s3.amazonaws.com cdn.optimizely.com logx.optimizely.com/v1/events wss://alive.github.com; font-src github.githubassets.com; form-action 'self' github.com gist.github.com; frame-ancestors 'none'; frame-src render.githubusercontent.com; img-src 'self' data: github.githubassets.com identicons.github.com collector.githubapp.com github-cloud.s3.amazonaws.com *.githubusercontent.com; manifest-src 'self'; media-src 'none'; script-src github.githubassets.com; style-src 'unsafe-inline' github.githubassets.com; worker-src github.com/socket-worker.js gist.github.com/socket-worker.js","x-github-request-id":"DEB8:2C8F:9593:EA89:5F7FA7D9"}
[debug] [2020-10-08T23:59:21.650Z] >>> HTTP REQUEST GET https://api.github.com/user  
 
[debug] [2020-10-08T23:59:22.065Z] <<< HTTP RESPONSE 200 {"date":"Thu, 08 Oct 2020 23:59:22 GMT","content-type":"application/json; charset=utf-8","content-length":"1622","server":"GitHub.com","status":"200 OK","cache-control":"private, max-age=60, s-maxage=60","vary":"Accept, Authorization, Cookie, X-GitHub-OTP, Accept-Encoding, Accept, X-Requested-With, Accept-Encoding","etag":"\"dead43f7a625e5046a2e250986ed336bf7a25cbcf3524c593f654417ba008b21\"","last-modified":"Thu, 08 Oct 2020 23:59:20 GMT","x-oauth-scopes":"read:user, repo","x-accepted-oauth-scopes":"","x-oauth-client-id":"89cf50f02ac6aaed3484","x-github-media-type":"github.v3","x-ratelimit-limit":"5000","x-ratelimit-remaining":"4999","x-ratelimit-reset":"1602205162","x-ratelimit-used":"1","access-control-expose-headers":"ETag, Link, Location, Retry-After, X-GitHub-OTP, X-RateLimit-Limit, X-RateLimit-Remaining, X-RateLimit-Used, X-RateLimit-Reset, X-OAuth-Scopes, X-Accepted-OAuth-Scopes, X-Poll-Interval, X-GitHub-Media-Type, Deprecation, Sunset","access-control-allow-origin":"*","strict-transport-security":"max-age=31536000; includeSubdomains; preload","x-frame-options":"deny","x-content-type-options":"nosniff","x-xss-protection":"1; mode=block","referrer-policy":"origin-when-cross-origin, strict-origin-when-cross-origin","content-security-policy":"default-src 'none'","x-github-request-id":"DEBE:2AB5:292E:39EB:5F7FA7D9"}
[info] 
[info] +  Success! Logged into GitHub as DeveloperAlejandroGallo 
[info] 
